Build started 05/02/2015 19:03:44.
     1>Project "C:\Users\Jerri\Downloads\of_v0.7.4_vs2010_release\of_v0.7.4_vs2010_release\apps\myApps\opeNI-SimpleExamples\openNISample007.vcxproj" on node 2 (build target(s)).
     1>InitializeBuildStatus:
         Creating "obj\Release\openNISample007.unsuccessfulbuild" because "AlwaysCreate" was specified.
       ClCompile:
         c:\Program Files (x86)\Microsoft Visual Studio 10.0\VC\bin\CL.exe /c /I..\..\..\libs\openFrameworks /I..\..\..\libs\openFrameworks\graphics /I..\..\..\libs\openFrameworks\app /I..\..\..\libs\openFrameworks\sound /I..\..\..\libs\openFrameworks\utils /I..\..\..\libs\openFrameworks\communication /I..\..\..\libs\openFrameworks\video /I..\..\..\libs\openFrameworks\math /I..\..\..\libs\openFrameworks\types /I..\..\..\libs\openFrameworks\events /I..\..\..\libs\glut\include /I..\..\..\libs\rtAudio\include /I..\..\..\libs\quicktime\include /I..\..\..\libs\cairo\include\cairo /I..\..\..\libs\freetype\include /I..\..\..\libs\freetype\include\freetype2 /I..\..\..\libs\freeImage\include /I..\..\..\libs\fmodex\include /I..\..\..\libs\videoInput\include /I..\..\..\libs\glew\include\ /I..\..\..\libs\glu\include /I..\..\..\libs\poco\include /I..\..\..\addons /I..\..\..\libs\openFrameworks\gl /I..\..\..\libs\openFrameworks\3d /I..\..\..\libs\tess2\include /I..\..\..\addons\ofxOpenNI\src /I..\..\..\addons\ofxOpenNI\include\openni /I..\..\..\addons\ofxOpenNI\include\nite /nologo /W3 /WX- /O2 /Oy- /D WIN32 /D NDEBUG /D _CONSOLE /D POCO_STATIC /D CAIRO_WIN32_STATIC_BUILD /D DISABLE_SOME_FLOATING_POINT /D _UNICODE /D UNICODE /Gm- /EHsc /MD /GS /fp:precise /Zc:wchar_t /Zc:forScope /Fo"obj\Release\\" /Fd"obj\Release\vc100.pdb" /Gd /TP /analyze- /errorReport:prompt src\testApp.cpp
         testApp.cpp
     1>..\..\..\libs\openFrameworks\graphics\ofPixels.h(155): warning C4003: not enough actual parameters for macro 'max'
     1>..\..\..\libs\openFrameworks\graphics\ofPixels.h(156): warning C4003: not enough actual parameters for macro 'max'
       Link:
         c:\Program Files (x86)\Microsoft Visual Studio 10.0\VC\bin\link.exe /ERRORREPORT:PROMPT /OUT:"bin\openNISample007.exe" /INCREMENTAL:NO /NOLOGO /LIBPATH:..\..\..\libs\glut\lib\vs2010 /LIBPATH:..\..\..\libs\rtAudio\lib\vs2010 /LIBPATH:..\..\..\libs\FreeImage\lib\vs2010 /LIBPATH:..\..\..\libs\freetype\lib\vs2010 /LIBPATH:..\..\..\libs\quicktime\lib\vs2010 /LIBPATH:..\..\..\libs\fmodex\lib\vs2010 /LIBPATH:..\..\..\libs\videoInput\lib\vs2010 /LIBPATH:..\..\..\libs\cairo\lib\vs2010 /LIBPATH:..\..\..\libs\glew\lib\vs2010 /LIBPATH:..\..\..\libs\glu\lib\vs2010 /LIBPATH:..\..\..\libs\Poco\lib\vs2010 /LIBPATH:..\..\..\libs\openFrameworksCompiled\lib\vs2010 /LIBPATH:..\..\..\libs\tess2\lib\vs2010 /LIBPATH:bin\data\openni\lib openframeworksLib.lib "cairo-static.lib" "pixman-1.lib" msimg32.lib OpenGL32.lib GLu32.lib kernel32.lib setupapi.lib glut32.lib rtAudio.lib videoInput.lib libfreetype.lib FreeImage.lib qtmlClient.lib dsound.lib user32.lib gdi32.lib winspool.lib comdlg32.lib advapi32.lib shell32.lib ole32.lib oleaut32.lib uuid.lib glew32s.lib fmodex_vc.lib glu32.lib PocoFoundationmd.lib PocoNetmd.lib PocoUtilmd.lib PocoXMLmd.lib tess2.lib OpenNI.lib kernel32.lib user32.lib gdi32.lib winspool.lib comdlg32.lib advapi32.lib shell32.lib ole32.lib oleaut32.lib uuid.lib odbc32.lib odbccp32.lib /NODEFAULTLIB:atlthunk.lib /NODEFAULTLIB:LIBC.lib /NODEFAULTLIB:LIBCMT /MANIFEST /ManifestFile:"obj\Release\openNISample007.exe.intermediate.manifest" /MANIFESTUAC:"level='asInvoker' uiAccess='false'" /PDB:"C:\Users\Jerri\Downloads\of_v0.7.4_vs2010_release\of_v0.7.4_vs2010_release\apps\myApps\opeNI-SimpleExamples\bin\openNISample007.pdb" /SUBSYSTEM:CONSOLE /OPT:REF /OPT:ICF /TLBID:1 /DYNAMICBASE:NO /IMPLIB:"bin\openNISample007.lib" /MACHINE:X86 obj\Release\ofxOpenNI.obj
         obj\Release\ofxOpenNITypes.obj
         obj\Release\main.obj
         obj\Release\testApp.obj
         C:\Users\Jerri\Downloads\of_v0.7.4_vs2010_release\of_v0.7.4_vs2010_release\libs\openFrameworksCompiled\lib\vs2010\openframeworksLib.lib
            Creating library bin\openNISample007.lib and object bin\openNISample007.exp
         openNISample007.vcxproj -> C:\Users\Jerri\Downloads\of_v0.7.4_vs2010_release\of_v0.7.4_vs2010_release\apps\myApps\opeNI-SimpleExamples\bin\openNISample007.exe
       Manifest:
         C:\Program Files (x86)\Microsoft SDKs\Windows\v7.0A\bin\mt.exe /nologo /verbose /outputresource:"bin\openNISample007.exe;#1" /manifest obj\Release\openNISample007.exe.intermediate.manifest
       PostBuildEvent:
         Description: adding DLLs and creating data folder
         xcopy /e /i /y "C:\Users\Jerri\Downloads\of_v0.7.4_vs2010_release\of_v0.7.4_vs2010_release\apps\myApps\opeNI-SimpleExamples\\..\..\..\export\vs2010\*.dll" "C:\Users\Jerri\Downloads\of_v0.7.4_vs2010_release\of_v0.7.4_vs2010_release\apps\myApps\opeNI-SimpleExamples\\bin"
         if not exist "C:\Users\Jerri\Downloads\of_v0.7.4_vs2010_release\of_v0.7.4_vs2010_release\apps\myApps\opeNI-SimpleExamples\\bin\data" mkdir  "C:\Users\Jerri\Downloads\of_v0.7.4_vs2010_release\of_v0.7.4_vs2010_release\apps\myApps\opeNI-SimpleExamples\\bin\data"
         
         
         :VCEnd
         C:\Users\Jerri\Downloads\of_v0.7.4_vs2010_release\of_v0.7.4_vs2010_release\apps\myApps\opeNI-SimpleExamples\\..\..\..\export\vs2010\Assimp32.dll
         C:\Users\Jerri\Downloads\of_v0.7.4_vs2010_release\of_v0.7.4_vs2010_release\apps\myApps\opeNI-SimpleExamples\\..\..\..\export\vs2010\fmodex.dll
         C:\Users\Jerri\Downloads\of_v0.7.4_vs2010_release\of_v0.7.4_vs2010_release\apps\myApps\opeNI-SimpleExamples\\..\..\..\export\vs2010\fmodexL.dll
         C:\Users\Jerri\Downloads\of_v0.7.4_vs2010_release\of_v0.7.4_vs2010_release\apps\myApps\opeNI-SimpleExamples\\..\..\..\export\vs2010\FreeImage.dll
         C:\Users\Jerri\Downloads\of_v0.7.4_vs2010_release\of_v0.7.4_vs2010_release\apps\myApps\opeNI-SimpleExamples\\..\..\..\export\vs2010\FreeType-6.dll
         C:\Users\Jerri\Downloads\of_v0.7.4_vs2010_release\of_v0.7.4_vs2010_release\apps\myApps\opeNI-SimpleExamples\\..\..\..\export\vs2010\glut32.dll
         C:\Users\Jerri\Downloads\of_v0.7.4_vs2010_release\of_v0.7.4_vs2010_release\apps\myApps\opeNI-SimpleExamples\\..\..\..\export\vs2010\Zlib.dll
         7 File(s) copied
       FinalizeBuildStatus:
         Deleting file "obj\Release\openNISample007.unsuccessfulbuild".
         Touching "obj\Release\openNISample007.lastbuildstate".
     1>Done Building Project "C:\Users\Jerri\Downloads\of_v0.7.4_vs2010_release\of_v0.7.4_vs2010_release\apps\myApps\opeNI-SimpleExamples\openNISample007.vcxproj" (build target(s)).

Build succeeded.

Time Elapsed 00:00:07.58
